

Processing ApplicationController#index (for 127.0.0.1 at 2011-08-29 16:53:45) [GET]

ActionController::RoutingError (No route matches "/" with {:method=>:get}):
  /usr/lib/ruby/1.8/action_controller/routing/recognition_optimisation.rb:66:in `recognize_path'
  /usr/lib/ruby/1.8/action_controller/routing/route_set.rb:441:in `recognize'
  /usr/lib/ruby/1.8/action_controller/routing/route_set.rb:436:in `call'
  /usr/lib/ruby/1.8/action_controller/dispatcher.rb:87:in `dispatch'
  /usr/lib/ruby/1.8/action_controller/dispatcher.rb:121:in `_call'
  /usr/lib/ruby/1.8/action_controller/dispatcher.rb:130:in `build_middleware_stack'
  /usr/lib/ruby/1.8/active_record/query_cache.rb:29:in `call'
  /usr/lib/ruby/1.8/active_record/query_cache.rb:29:in `call'
  /usr/lib/ruby/1.8/active_record/connection_adapters/abstract/query_cache.rb:34:in `cache'
  /usr/lib/ruby/1.8/active_record/query_cache.rb:9:in `cache'
  /usr/lib/ruby/1.8/active_record/query_cache.rb:28:in `call'
  /usr/lib/ruby/1.8/active_record/connection_adapters/abstract/connection_pool.rb:361:in `call'
  /usr/lib/ruby/1.8/action_controller/string_coercion.rb:25:in `call'
  /usr/lib/ruby/1.8/rack/head.rb:9:in `call'
  /usr/lib/ruby/1.8/rack/methodoverride.rb:24:in `call'
  /usr/lib/ruby/1.8/action_controller/params_parser.rb:15:in `call'
  /usr/lib/ruby/1.8/action_controller/session/cookie_store.rb:93:in `call'
  /usr/lib/ruby/1.8/action_controller/failsafe.rb:26:in `call'
  /usr/lib/ruby/1.8/rack/lock.rb:11:in `call'
  /usr/lib/ruby/1.8/rack/lock.rb:11:in `synchronize'
  /usr/lib/ruby/1.8/rack/lock.rb:11:in `call'
  /usr/lib/ruby/1.8/action_controller/dispatcher.rb:114:in `call'
  /usr/lib/ruby/1.8/action_controller/reloader.rb:34:in `run'
  /usr/lib/ruby/1.8/action_controller/dispatcher.rb:108:in `call'
  /usr/lib/ruby/1.8/rack/urlmap.rb:47:in `call'
  /usr/lib/ruby/1.8/rack/urlmap.rb:41:in `each'
  /usr/lib/ruby/1.8/rack/urlmap.rb:41:in `call'
  /usr/lib/ruby/1.8/rack/content_length.rb:13:in `call'
  /usr/lib/ruby/1.8/rack/handler/webrick.rb:48:in `service'
  /usr/lib/ruby/1.8/webrick/httpserver.rb:104:in `service'
  /usr/lib/ruby/1.8/webrick/httpserver.rb:65:in `run'
  /usr/lib/ruby/1.8/webrick/server.rb:173:in `start_thread'
  /usr/lib/ruby/1.8/webrick/server.rb:162:in `start'
  /usr/lib/ruby/1.8/webrick/server.rb:162:in `start_thread'
  /usr/lib/ruby/1.8/webrick/server.rb:95:in `start'
  /usr/lib/ruby/1.8/webrick/server.rb:92:in `each'
  /usr/lib/ruby/1.8/webrick/server.rb:92:in `start'
  /usr/lib/ruby/1.8/webrick/server.rb:23:in `start'
  /usr/lib/ruby/1.8/webrick/server.rb:82:in `start'
  /usr/lib/ruby/1.8/rack/handler/webrick.rb:14:in `run'

Rendering rescues/layout (not_found)


Processing ApplicationController#index (for 127.0.0.1 at 2011-08-29 16:54:01) [GET]

ActionController::RoutingError (No route matches "/" with {:method=>:get}):
  /usr/lib/ruby/1.8/action_controller/routing/recognition_optimisation.rb:66:in `recognize_path'
  /usr/lib/ruby/1.8/action_controller/routing/route_set.rb:441:in `recognize'
  /usr/lib/ruby/1.8/action_controller/routing/route_set.rb:436:in `call'
  /usr/lib/ruby/1.8/action_controller/dispatcher.rb:87:in `dispatch'
  /usr/lib/ruby/1.8/action_controller/dispatcher.rb:121:in `_call'
  /usr/lib/ruby/1.8/action_controller/dispatcher.rb:130:in `build_middleware_stack'
  /usr/lib/ruby/1.8/active_record/query_cache.rb:29:in `call'
  /usr/lib/ruby/1.8/active_record/query_cache.rb:29:in `call'
  /usr/lib/ruby/1.8/active_record/connection_adapters/abstract/query_cache.rb:34:in `cache'
  /usr/lib/ruby/1.8/active_record/query_cache.rb:9:in `cache'
  /usr/lib/ruby/1.8/active_record/query_cache.rb:28:in `call'
  /usr/lib/ruby/1.8/active_record/connection_adapters/abstract/connection_pool.rb:361:in `call'
  /usr/lib/ruby/1.8/action_controller/string_coercion.rb:25:in `call'
  /usr/lib/ruby/1.8/rack/head.rb:9:in `call'
  /usr/lib/ruby/1.8/rack/methodoverride.rb:24:in `call'
  /usr/lib/ruby/1.8/action_controller/params_parser.rb:15:in `call'
  /usr/lib/ruby/1.8/action_controller/session/cookie_store.rb:93:in `call'
  /usr/lib/ruby/1.8/action_controller/failsafe.rb:26:in `call'
  /usr/lib/ruby/1.8/rack/lock.rb:11:in `call'
  /usr/lib/ruby/1.8/rack/lock.rb:11:in `synchronize'
  /usr/lib/ruby/1.8/rack/lock.rb:11:in `call'
  /usr/lib/ruby/1.8/action_controller/dispatcher.rb:114:in `call'
  /usr/lib/ruby/1.8/action_controller/reloader.rb:34:in `run'
  /usr/lib/ruby/1.8/action_controller/dispatcher.rb:108:in `call'
  /usr/lib/ruby/1.8/rack/urlmap.rb:47:in `call'
  /usr/lib/ruby/1.8/rack/urlmap.rb:41:in `each'
  /usr/lib/ruby/1.8/rack/urlmap.rb:41:in `call'
  /usr/lib/ruby/1.8/rack/content_length.rb:13:in `call'
  /usr/lib/ruby/1.8/rack/handler/webrick.rb:48:in `service'
  /usr/lib/ruby/1.8/webrick/httpserver.rb:104:in `service'
  /usr/lib/ruby/1.8/webrick/httpserver.rb:65:in `run'
  /usr/lib/ruby/1.8/webrick/server.rb:173:in `start_thread'
  /usr/lib/ruby/1.8/webrick/server.rb:162:in `start'
  /usr/lib/ruby/1.8/webrick/server.rb:162:in `start_thread'
  /usr/lib/ruby/1.8/webrick/server.rb:95:in `start'
  /usr/lib/ruby/1.8/webrick/server.rb:92:in `each'
  /usr/lib/ruby/1.8/webrick/server.rb:92:in `start'
  /usr/lib/ruby/1.8/webrick/server.rb:23:in `start'
  /usr/lib/ruby/1.8/webrick/server.rb:82:in `start'
  /usr/lib/ruby/1.8/rack/handler/webrick.rb:14:in `run'

Rendering rescues/layout (not_found)


Processing ApplicationController#index (for 127.0.0.1 at 2011-08-29 16:54:52) [GET]

ActionController::RoutingError (No route matches "/" with {:method=>:get}):
  /usr/lib/ruby/1.8/action_controller/routing/recognition_optimisation.rb:66:in `recognize_path'
  /usr/lib/ruby/1.8/action_controller/routing/route_set.rb:441:in `recognize'
  /usr/lib/ruby/1.8/action_controller/routing/route_set.rb:436:in `call'
  /usr/lib/ruby/1.8/action_controller/dispatcher.rb:87:in `dispatch'
  /usr/lib/ruby/1.8/action_controller/dispatcher.rb:121:in `_call'
  /usr/lib/ruby/1.8/action_controller/dispatcher.rb:130:in `build_middleware_stack'
  /usr/lib/ruby/1.8/active_record/query_cache.rb:29:in `call'
  /usr/lib/ruby/1.8/active_record/query_cache.rb:29:in `call'
  /usr/lib/ruby/1.8/active_record/connection_adapters/abstract/query_cache.rb:34:in `cache'
  /usr/lib/ruby/1.8/active_record/query_cache.rb:9:in `cache'
  /usr/lib/ruby/1.8/active_record/query_cache.rb:28:in `call'
  /usr/lib/ruby/1.8/active_record/connection_adapters/abstract/connection_pool.rb:361:in `call'
  /usr/lib/ruby/1.8/action_controller/string_coercion.rb:25:in `call'
  /usr/lib/ruby/1.8/rack/head.rb:9:in `call'
  /usr/lib/ruby/1.8/rack/methodoverride.rb:24:in `call'
  /usr/lib/ruby/1.8/action_controller/params_parser.rb:15:in `call'
  /usr/lib/ruby/1.8/action_controller/session/cookie_store.rb:93:in `call'
  /usr/lib/ruby/1.8/action_controller/failsafe.rb:26:in `call'
  /usr/lib/ruby/1.8/rack/lock.rb:11:in `call'
  /usr/lib/ruby/1.8/rack/lock.rb:11:in `synchronize'
  /usr/lib/ruby/1.8/rack/lock.rb:11:in `call'
  /usr/lib/ruby/1.8/action_controller/dispatcher.rb:114:in `call'
  /usr/lib/ruby/1.8/action_controller/reloader.rb:34:in `run'
  /usr/lib/ruby/1.8/action_controller/dispatcher.rb:108:in `call'
  /usr/lib/ruby/1.8/rack/urlmap.rb:47:in `call'
  /usr/lib/ruby/1.8/rack/urlmap.rb:41:in `each'
  /usr/lib/ruby/1.8/rack/urlmap.rb:41:in `call'
  /usr/lib/ruby/1.8/rack/content_length.rb:13:in `call'
  /usr/lib/ruby/1.8/rack/handler/webrick.rb:48:in `service'
  /usr/lib/ruby/1.8/webrick/httpserver.rb:104:in `service'
  /usr/lib/ruby/1.8/webrick/httpserver.rb:65:in `run'
  /usr/lib/ruby/1.8/webrick/server.rb:173:in `start_thread'
  /usr/lib/ruby/1.8/webrick/server.rb:162:in `start'
  /usr/lib/ruby/1.8/webrick/server.rb:162:in `start_thread'
  /usr/lib/ruby/1.8/webrick/server.rb:95:in `start'
  /usr/lib/ruby/1.8/webrick/server.rb:92:in `each'
  /usr/lib/ruby/1.8/webrick/server.rb:92:in `start'
  /usr/lib/ruby/1.8/webrick/server.rb:23:in `start'
  /usr/lib/ruby/1.8/webrick/server.rb:82:in `start'
  /usr/lib/ruby/1.8/rack/handler/webrick.rb:14:in `run'

Rendering rescues/layout (not_found)


Processing ApplicationController#index (for 127.0.0.1 at 2011-08-29 16:54:57) [GET]

ActionController::RoutingError (No route matches "/about" with {:method=>:get}):
  /usr/lib/ruby/1.8/action_controller/routing/recognition_optimisation.rb:66:in `recognize_path'
  /usr/lib/ruby/1.8/action_controller/routing/route_set.rb:441:in `recognize'
  /usr/lib/ruby/1.8/action_controller/routing/route_set.rb:436:in `call'
  /usr/lib/ruby/1.8/action_controller/dispatcher.rb:87:in `dispatch'
  /usr/lib/ruby/1.8/action_controller/dispatcher.rb:121:in `_call'
  /usr/lib/ruby/1.8/action_controller/dispatcher.rb:130:in `build_middleware_stack'
  /usr/lib/ruby/1.8/active_record/query_cache.rb:29:in `call'
  /usr/lib/ruby/1.8/active_record/query_cache.rb:29:in `call'
  /usr/lib/ruby/1.8/active_record/connection_adapters/abstract/query_cache.rb:34:in `cache'
  /usr/lib/ruby/1.8/active_record/query_cache.rb:9:in `cache'
  /usr/lib/ruby/1.8/active_record/query_cache.rb:28:in `call'
  /usr/lib/ruby/1.8/active_record/connection_adapters/abstract/connection_pool.rb:361:in `call'
  /usr/lib/ruby/1.8/action_controller/string_coercion.rb:25:in `call'
  /usr/lib/ruby/1.8/rack/head.rb:9:in `call'
  /usr/lib/ruby/1.8/rack/methodoverride.rb:24:in `call'
  /usr/lib/ruby/1.8/action_controller/params_parser.rb:15:in `call'
  /usr/lib/ruby/1.8/action_controller/session/cookie_store.rb:93:in `call'
  /usr/lib/ruby/1.8/action_controller/failsafe.rb:26:in `call'
  /usr/lib/ruby/1.8/rack/lock.rb:11:in `call'
  /usr/lib/ruby/1.8/rack/lock.rb:11:in `synchronize'
  /usr/lib/ruby/1.8/rack/lock.rb:11:in `call'
  /usr/lib/ruby/1.8/action_controller/dispatcher.rb:114:in `call'
  /usr/lib/ruby/1.8/action_controller/reloader.rb:34:in `run'
  /usr/lib/ruby/1.8/action_controller/dispatcher.rb:108:in `call'
  /usr/lib/ruby/1.8/rack/urlmap.rb:47:in `call'
  /usr/lib/ruby/1.8/rack/urlmap.rb:41:in `each'
  /usr/lib/ruby/1.8/rack/urlmap.rb:41:in `call'
  /usr/lib/ruby/1.8/rack/content_length.rb:13:in `call'
  /usr/lib/ruby/1.8/rack/handler/webrick.rb:48:in `service'
  /usr/lib/ruby/1.8/webrick/httpserver.rb:104:in `service'
  /usr/lib/ruby/1.8/webrick/httpserver.rb:65:in `run'
  /usr/lib/ruby/1.8/webrick/server.rb:173:in `start_thread'
  /usr/lib/ruby/1.8/webrick/server.rb:162:in `start'
  /usr/lib/ruby/1.8/webrick/server.rb:162:in `start_thread'
  /usr/lib/ruby/1.8/webrick/server.rb:95:in `start'
  /usr/lib/ruby/1.8/webrick/server.rb:92:in `each'
  /usr/lib/ruby/1.8/webrick/server.rb:92:in `start'
  /usr/lib/ruby/1.8/webrick/server.rb:23:in `start'
  /usr/lib/ruby/1.8/webrick/server.rb:82:in `start'
  /usr/lib/ruby/1.8/rack/handler/webrick.rb:14:in `run'

Rendering rescues/layout (not_found)


Processing ApplicationController#index (for 127.0.0.1 at 2011-08-29 16:54:59) [GET]

ActionController::RoutingError (No route matches "/about" with {:method=>:get}):
  /usr/lib/ruby/1.8/action_controller/routing/recognition_optimisation.rb:66:in `recognize_path'
  /usr/lib/ruby/1.8/action_controller/routing/route_set.rb:441:in `recognize'
  /usr/lib/ruby/1.8/action_controller/routing/route_set.rb:436:in `call'
  /usr/lib/ruby/1.8/action_controller/dispatcher.rb:87:in `dispatch'
  /usr/lib/ruby/1.8/action_controller/dispatcher.rb:121:in `_call'
  /usr/lib/ruby/1.8/action_controller/dispatcher.rb:130:in `build_middleware_stack'
  /usr/lib/ruby/1.8/active_record/query_cache.rb:29:in `call'
  /usr/lib/ruby/1.8/active_record/query_cache.rb:29:in `call'
  /usr/lib/ruby/1.8/active_record/connection_adapters/abstract/query_cache.rb:34:in `cache'
  /usr/lib/ruby/1.8/active_record/query_cache.rb:9:in `cache'
  /usr/lib/ruby/1.8/active_record/query_cache.rb:28:in `call'
  /usr/lib/ruby/1.8/active_record/connection_adapters/abstract/connection_pool.rb:361:in `call'
  /usr/lib/ruby/1.8/action_controller/string_coercion.rb:25:in `call'
  /usr/lib/ruby/1.8/rack/head.rb:9:in `call'
  /usr/lib/ruby/1.8/rack/methodoverride.rb:24:in `call'
  /usr/lib/ruby/1.8/action_controller/params_parser.rb:15:in `call'
  /usr/lib/ruby/1.8/action_controller/session/cookie_store.rb:93:in `call'
  /usr/lib/ruby/1.8/action_controller/failsafe.rb:26:in `call'
  /usr/lib/ruby/1.8/rack/lock.rb:11:in `call'
  /usr/lib/ruby/1.8/rack/lock.rb:11:in `synchronize'
  /usr/lib/ruby/1.8/rack/lock.rb:11:in `call'
  /usr/lib/ruby/1.8/action_controller/dispatcher.rb:114:in `call'
  /usr/lib/ruby/1.8/action_controller/reloader.rb:34:in `run'
  /usr/lib/ruby/1.8/action_controller/dispatcher.rb:108:in `call'
  /usr/lib/ruby/1.8/rack/urlmap.rb:47:in `call'
  /usr/lib/ruby/1.8/rack/urlmap.rb:41:in `each'
  /usr/lib/ruby/1.8/rack/urlmap.rb:41:in `call'
  /usr/lib/ruby/1.8/rack/content_length.rb:13:in `call'
  /usr/lib/ruby/1.8/rack/handler/webrick.rb:48:in `service'
  /usr/lib/ruby/1.8/webrick/httpserver.rb:104:in `service'
  /usr/lib/ruby/1.8/webrick/httpserver.rb:65:in `run'
  /usr/lib/ruby/1.8/webrick/server.rb:173:in `start_thread'
  /usr/lib/ruby/1.8/webrick/server.rb:162:in `start'
  /usr/lib/ruby/1.8/webrick/server.rb:162:in `start_thread'
  /usr/lib/ruby/1.8/webrick/server.rb:95:in `start'
  /usr/lib/ruby/1.8/webrick/server.rb:92:in `each'
  /usr/lib/ruby/1.8/webrick/server.rb:92:in `start'
  /usr/lib/ruby/1.8/webrick/server.rb:23:in `start'
  /usr/lib/ruby/1.8/webrick/server.rb:82:in `start'
  /usr/lib/ruby/1.8/rack/handler/webrick.rb:14:in `run'

Rendering rescues/layout (not_found)


Processing ApplicationController#index (for 127.0.0.1 at 2011-08-29 16:55:05) [GET]

ActionController::RoutingError (No route matches "/" with {:method=>:get}):
  /usr/lib/ruby/1.8/action_controller/routing/recognition_optimisation.rb:66:in `recognize_path'
  /usr/lib/ruby/1.8/action_controller/routing/route_set.rb:441:in `recognize'
  /usr/lib/ruby/1.8/action_controller/routing/route_set.rb:436:in `call'
  /usr/lib/ruby/1.8/action_controller/dispatcher.rb:87:in `dispatch'
  /usr/lib/ruby/1.8/action_controller/dispatcher.rb:121:in `_call'
  /usr/lib/ruby/1.8/action_controller/dispatcher.rb:130:in `build_middleware_stack'
  /usr/lib/ruby/1.8/active_record/query_cache.rb:29:in `call'
  /usr/lib/ruby/1.8/active_record/query_cache.rb:29:in `call'
  /usr/lib/ruby/1.8/active_record/connection_adapters/abstract/query_cache.rb:34:in `cache'
  /usr/lib/ruby/1.8/active_record/query_cache.rb:9:in `cache'
  /usr/lib/ruby/1.8/active_record/query_cache.rb:28:in `call'
  /usr/lib/ruby/1.8/active_record/connection_adapters/abstract/connection_pool.rb:361:in `call'
  /usr/lib/ruby/1.8/action_controller/string_coercion.rb:25:in `call'
  /usr/lib/ruby/1.8/rack/head.rb:9:in `call'
  /usr/lib/ruby/1.8/rack/methodoverride.rb:24:in `call'
  /usr/lib/ruby/1.8/action_controller/params_parser.rb:15:in `call'
  /usr/lib/ruby/1.8/action_controller/session/cookie_store.rb:93:in `call'
  /usr/lib/ruby/1.8/action_controller/failsafe.rb:26:in `call'
  /usr/lib/ruby/1.8/rack/lock.rb:11:in `call'
  /usr/lib/ruby/1.8/rack/lock.rb:11:in `synchronize'
  /usr/lib/ruby/1.8/rack/lock.rb:11:in `call'
  /usr/lib/ruby/1.8/action_controller/dispatcher.rb:114:in `call'
  /usr/lib/ruby/1.8/action_controller/reloader.rb:34:in `run'
  /usr/lib/ruby/1.8/action_controller/dispatcher.rb:108:in `call'
  /usr/lib/ruby/1.8/rack/urlmap.rb:47:in `call'
  /usr/lib/ruby/1.8/rack/urlmap.rb:41:in `each'
  /usr/lib/ruby/1.8/rack/urlmap.rb:41:in `call'
  /usr/lib/ruby/1.8/rack/content_length.rb:13:in `call'
  /usr/lib/ruby/1.8/rack/handler/webrick.rb:48:in `service'
  /usr/lib/ruby/1.8/webrick/httpserver.rb:104:in `service'
  /usr/lib/ruby/1.8/webrick/httpserver.rb:65:in `run'
  /usr/lib/ruby/1.8/webrick/server.rb:173:in `start_thread'
  /usr/lib/ruby/1.8/webrick/server.rb:162:in `start'
  /usr/lib/ruby/1.8/webrick/server.rb:162:in `start_thread'
  /usr/lib/ruby/1.8/webrick/server.rb:95:in `start'
  /usr/lib/ruby/1.8/webrick/server.rb:92:in `each'
  /usr/lib/ruby/1.8/webrick/server.rb:92:in `start'
  /usr/lib/ruby/1.8/webrick/server.rb:23:in `start'
  /usr/lib/ruby/1.8/webrick/server.rb:82:in `start'
  /usr/lib/ruby/1.8/rack/handler/webrick.rb:14:in `run'

Rendering rescues/layout (not_found)


Processing ApplicationController#index (for 127.0.0.1 at 2011-08-29 16:55:07) [GET]

ActionController::RoutingError (No route matches "/" with {:method=>:get}):
  /usr/lib/ruby/1.8/action_controller/routing/recognition_optimisation.rb:66:in `recognize_path'
  /usr/lib/ruby/1.8/action_controller/routing/route_set.rb:441:in `recognize'
  /usr/lib/ruby/1.8/action_controller/routing/route_set.rb:436:in `call'
  /usr/lib/ruby/1.8/action_controller/dispatcher.rb:87:in `dispatch'
  /usr/lib/ruby/1.8/action_controller/dispatcher.rb:121:in `_call'
  /usr/lib/ruby/1.8/action_controller/dispatcher.rb:130:in `build_middleware_stack'
  /usr/lib/ruby/1.8/active_record/query_cache.rb:29:in `call'
  /usr/lib/ruby/1.8/active_record/query_cache.rb:29:in `call'
  /usr/lib/ruby/1.8/active_record/connection_adapters/abstract/query_cache.rb:34:in `cache'
  /usr/lib/ruby/1.8/active_record/query_cache.rb:9:in `cache'
  /usr/lib/ruby/1.8/active_record/query_cache.rb:28:in `call'
  /usr/lib/ruby/1.8/active_record/connection_adapters/abstract/connection_pool.rb:361:in `call'
  /usr/lib/ruby/1.8/action_controller/string_coercion.rb:25:in `call'
  /usr/lib/ruby/1.8/rack/head.rb:9:in `call'
  /usr/lib/ruby/1.8/rack/methodoverride.rb:24:in `call'
  /usr/lib/ruby/1.8/action_controller/params_parser.rb:15:in `call'
  /usr/lib/ruby/1.8/action_controller/session/cookie_store.rb:93:in `call'
  /usr/lib/ruby/1.8/action_controller/failsafe.rb:26:in `call'
  /usr/lib/ruby/1.8/rack/lock.rb:11:in `call'
  /usr/lib/ruby/1.8/rack/lock.rb:11:in `synchronize'
  /usr/lib/ruby/1.8/rack/lock.rb:11:in `call'
  /usr/lib/ruby/1.8/action_controller/dispatcher.rb:114:in `call'
  /usr/lib/ruby/1.8/action_controller/reloader.rb:34:in `run'
  /usr/lib/ruby/1.8/action_controller/dispatcher.rb:108:in `call'
  /usr/lib/ruby/1.8/rack/urlmap.rb:47:in `call'
  /usr/lib/ruby/1.8/rack/urlmap.rb:41:in `each'
  /usr/lib/ruby/1.8/rack/urlmap.rb:41:in `call'
  /usr/lib/ruby/1.8/rack/content_length.rb:13:in `call'
  /usr/lib/ruby/1.8/rack/handler/webrick.rb:48:in `service'
  /usr/lib/ruby/1.8/webrick/httpserver.rb:104:in `service'
  /usr/lib/ruby/1.8/webrick/httpserver.rb:65:in `run'
  /usr/lib/ruby/1.8/webrick/server.rb:173:in `start_thread'
  /usr/lib/ruby/1.8/webrick/server.rb:162:in `start'
  /usr/lib/ruby/1.8/webrick/server.rb:162:in `start_thread'
  /usr/lib/ruby/1.8/webrick/server.rb:95:in `start'
  /usr/lib/ruby/1.8/webrick/server.rb:92:in `each'
  /usr/lib/ruby/1.8/webrick/server.rb:92:in `start'
  /usr/lib/ruby/1.8/webrick/server.rb:23:in `start'
  /usr/lib/ruby/1.8/webrick/server.rb:82:in `start'
  /usr/lib/ruby/1.8/rack/handler/webrick.rb:14:in `run'

Rendering rescues/layout (not_found)


Processing ApplicationController#index (for 127.0.0.1 at 2011-08-29 16:55:08) [GET]

ActionController::RoutingError (No route matches "/" with {:method=>:get}):
  /usr/lib/ruby/1.8/action_controller/routing/recognition_optimisation.rb:66:in `recognize_path'
  /usr/lib/ruby/1.8/action_controller/routing/route_set.rb:441:in `recognize'
  /usr/lib/ruby/1.8/action_controller/routing/route_set.rb:436:in `call'
  /usr/lib/ruby/1.8/action_controller/dispatcher.rb:87:in `dispatch'
  /usr/lib/ruby/1.8/action_controller/dispatcher.rb:121:in `_call'
  /usr/lib/ruby/1.8/action_controller/dispatcher.rb:130:in `build_middleware_stack'
  /usr/lib/ruby/1.8/active_record/query_cache.rb:29:in `call'
  /usr/lib/ruby/1.8/active_record/query_cache.rb:29:in `call'
  /usr/lib/ruby/1.8/active_record/connection_adapters/abstract/query_cache.rb:34:in `cache'
  /usr/lib/ruby/1.8/active_record/query_cache.rb:9:in `cache'
  /usr/lib/ruby/1.8/active_record/query_cache.rb:28:in `call'
  /usr/lib/ruby/1.8/active_record/connection_adapters/abstract/connection_pool.rb:361:in `call'
  /usr/lib/ruby/1.8/action_controller/string_coercion.rb:25:in `call'
  /usr/lib/ruby/1.8/rack/head.rb:9:in `call'
  /usr/lib/ruby/1.8/rack/methodoverride.rb:24:in `call'
  /usr/lib/ruby/1.8/action_controller/params_parser.rb:15:in `call'
  /usr/lib/ruby/1.8/action_controller/session/cookie_store.rb:93:in `call'
  /usr/lib/ruby/1.8/action_controller/failsafe.rb:26:in `call'
  /usr/lib/ruby/1.8/rack/lock.rb:11:in `call'
  /usr/lib/ruby/1.8/rack/lock.rb:11:in `synchronize'
  /usr/lib/ruby/1.8/rack/lock.rb:11:in `call'
  /usr/lib/ruby/1.8/action_controller/dispatcher.rb:114:in `call'
  /usr/lib/ruby/1.8/action_controller/reloader.rb:34:in `run'
  /usr/lib/ruby/1.8/action_controller/dispatcher.rb:108:in `call'
  /usr/lib/ruby/1.8/rack/urlmap.rb:47:in `call'
  /usr/lib/ruby/1.8/rack/urlmap.rb:41:in `each'
  /usr/lib/ruby/1.8/rack/urlmap.rb:41:in `call'
  /usr/lib/ruby/1.8/rack/content_length.rb:13:in `call'
  /usr/lib/ruby/1.8/rack/handler/webrick.rb:48:in `service'
  /usr/lib/ruby/1.8/webrick/httpserver.rb:104:in `service'
  /usr/lib/ruby/1.8/webrick/httpserver.rb:65:in `run'
  /usr/lib/ruby/1.8/webrick/server.rb:173:in `start_thread'
  /usr/lib/ruby/1.8/webrick/server.rb:162:in `start'
  /usr/lib/ruby/1.8/webrick/server.rb:162:in `start_thread'
  /usr/lib/ruby/1.8/webrick/server.rb:95:in `start'
  /usr/lib/ruby/1.8/webrick/server.rb:92:in `each'
  /usr/lib/ruby/1.8/webrick/server.rb:92:in `start'
  /usr/lib/ruby/1.8/webrick/server.rb:23:in `start'
  /usr/lib/ruby/1.8/webrick/server.rb:82:in `start'
  /usr/lib/ruby/1.8/rack/handler/webrick.rb:14:in `run'

Rendering rescues/layout (not_found)


Processing AboutController#index (for 127.0.0.1 at 2011-08-29 16:55:23) [GET]
Rendering about/index
Completed in 62ms (View: 61, DB: 0) | 200 OK [http://localhost/about]


Processing AboutController#index (for 127.0.0.1 at 2011-08-29 16:57:01) [GET]
Rendering about/index
Completed in 5ms (View: 3, DB: 0) | 200 OK [http://localhost/about]


Processing AboutController#index (for 127.0.0.1 at 2011-08-29 16:59:31) [GET]
Rendering template within layouts/application
Rendering about/index
Completed in 5ms (View: 4, DB: 0) | 200 OK [http://localhost/about]


Processing ApplicationController#index (for 127.0.0.1 at 2011-08-29 16:59:31) [GET]

ActionController::RoutingError (No route matches "/stylesheets/style.css" with {:method=>:get}):
  /usr/lib/ruby/1.8/action_controller/routing/recognition_optimisation.rb:66:in `recognize_path'
  /usr/lib/ruby/1.8/action_controller/routing/route_set.rb:441:in `recognize'
  /usr/lib/ruby/1.8/action_controller/routing/route_set.rb:436:in `call'
  /usr/lib/ruby/1.8/action_controller/dispatcher.rb:87:in `dispatch'
  /usr/lib/ruby/1.8/action_controller/dispatcher.rb:121:in `_call'
  /usr/lib/ruby/1.8/action_controller/dispatcher.rb:130:in `build_middleware_stack'
  /usr/lib/ruby/1.8/active_record/query_cache.rb:29:in `call'
  /usr/lib/ruby/1.8/active_record/query_cache.rb:29:in `call'
  /usr/lib/ruby/1.8/active_record/connection_adapters/abstract/query_cache.rb:34:in `cache'
  /usr/lib/ruby/1.8/active_record/query_cache.rb:9:in `cache'
  /usr/lib/ruby/1.8/active_record/query_cache.rb:28:in `call'
  /usr/lib/ruby/1.8/active_record/connection_adapters/abstract/connection_pool.rb:361:in `call'
  /usr/lib/ruby/1.8/action_controller/string_coercion.rb:25:in `call'
  /usr/lib/ruby/1.8/rack/head.rb:9:in `call'
  /usr/lib/ruby/1.8/rack/methodoverride.rb:24:in `call'
  /usr/lib/ruby/1.8/action_controller/params_parser.rb:15:in `call'
  /usr/lib/ruby/1.8/action_controller/session/cookie_store.rb:93:in `call'
  /usr/lib/ruby/1.8/action_controller/failsafe.rb:26:in `call'
  /usr/lib/ruby/1.8/rack/lock.rb:11:in `call'
  /usr/lib/ruby/1.8/rack/lock.rb:11:in `synchronize'
  /usr/lib/ruby/1.8/rack/lock.rb:11:in `call'
  /usr/lib/ruby/1.8/action_controller/dispatcher.rb:114:in `call'
  /usr/lib/ruby/1.8/action_controller/reloader.rb:34:in `run'
  /usr/lib/ruby/1.8/action_controller/dispatcher.rb:108:in `call'
  /usr/lib/ruby/1.8/rack/urlmap.rb:47:in `call'
  /usr/lib/ruby/1.8/rack/urlmap.rb:41:in `each'
  /usr/lib/ruby/1.8/rack/urlmap.rb:41:in `call'
  /usr/lib/ruby/1.8/rack/content_length.rb:13:in `call'
  /usr/lib/ruby/1.8/rack/handler/webrick.rb:48:in `service'
  /usr/lib/ruby/1.8/webrick/httpserver.rb:104:in `service'
  /usr/lib/ruby/1.8/webrick/httpserver.rb:65:in `run'
  /usr/lib/ruby/1.8/webrick/server.rb:173:in `start_thread'
  /usr/lib/ruby/1.8/webrick/server.rb:162:in `start'
  /usr/lib/ruby/1.8/webrick/server.rb:162:in `start_thread'
  /usr/lib/ruby/1.8/webrick/server.rb:95:in `start'
  /usr/lib/ruby/1.8/webrick/server.rb:92:in `each'
  /usr/lib/ruby/1.8/webrick/server.rb:92:in `start'
  /usr/lib/ruby/1.8/webrick/server.rb:23:in `start'
  /usr/lib/ruby/1.8/webrick/server.rb:82:in `start'
  /usr/lib/ruby/1.8/rack/handler/webrick.rb:14:in `run'

Rendering rescues/layout (not_found)


Processing AboutController#index (for 127.0.0.1 at 2011-08-29 16:59:32) [GET]
Rendering template within layouts/application
Rendering about/index
Completed in 2ms (View: 1, DB: 0) | 200 OK [http://localhost/about]


Processing ApplicationController#index (for 127.0.0.1 at 2011-08-29 16:59:32) [GET]

ActionController::RoutingError (No route matches "/stylesheets/style.css" with {:method=>:get}):
  /usr/lib/ruby/1.8/action_controller/routing/recognition_optimisation.rb:66:in `recognize_path'
  /usr/lib/ruby/1.8/action_controller/routing/route_set.rb:441:in `recognize'
  /usr/lib/ruby/1.8/action_controller/routing/route_set.rb:436:in `call'
  /usr/lib/ruby/1.8/action_controller/dispatcher.rb:87:in `dispatch'
  /usr/lib/ruby/1.8/action_controller/dispatcher.rb:121:in `_call'
  /usr/lib/ruby/1.8/action_controller/dispatcher.rb:130:in `build_middleware_stack'
  /usr/lib/ruby/1.8/active_record/query_cache.rb:29:in `call'
  /usr/lib/ruby/1.8/active_record/query_cache.rb:29:in `call'
  /usr/lib/ruby/1.8/active_record/connection_adapters/abstract/query_cache.rb:34:in `cache'
  /usr/lib/ruby/1.8/active_record/query_cache.rb:9:in `cache'
  /usr/lib/ruby/1.8/active_record/query_cache.rb:28:in `call'
  /usr/lib/ruby/1.8/active_record/connection_adapters/abstract/connection_pool.rb:361:in `call'
  /usr/lib/ruby/1.8/action_controller/string_coercion.rb:25:in `call'
  /usr/lib/ruby/1.8/rack/head.rb:9:in `call'
  /usr/lib/ruby/1.8/rack/methodoverride.rb:24:in `call'
  /usr/lib/ruby/1.8/action_controller/params_parser.rb:15:in `call'
  /usr/lib/ruby/1.8/action_controller/session/cookie_store.rb:93:in `call'
  /usr/lib/ruby/1.8/action_controller/failsafe.rb:26:in `call'
  /usr/lib/ruby/1.8/rack/lock.rb:11:in `call'
  /usr/lib/ruby/1.8/rack/lock.rb:11:in `synchronize'
  /usr/lib/ruby/1.8/rack/lock.rb:11:in `call'
  /usr/lib/ruby/1.8/action_controller/dispatcher.rb:114:in `call'
  /usr/lib/ruby/1.8/action_controller/reloader.rb:34:in `run'
  /usr/lib/ruby/1.8/action_controller/dispatcher.rb:108:in `call'
  /usr/lib/ruby/1.8/rack/urlmap.rb:47:in `call'
  /usr/lib/ruby/1.8/rack/urlmap.rb:41:in `each'
  /usr/lib/ruby/1.8/rack/urlmap.rb:41:in `call'
  /usr/lib/ruby/1.8/rack/content_length.rb:13:in `call'
  /usr/lib/ruby/1.8/rack/handler/webrick.rb:48:in `service'
  /usr/lib/ruby/1.8/webrick/httpserver.rb:104:in `service'
  /usr/lib/ruby/1.8/webrick/httpserver.rb:65:in `run'
  /usr/lib/ruby/1.8/webrick/server.rb:173:in `start_thread'
  /usr/lib/ruby/1.8/webrick/server.rb:162:in `start'
  /usr/lib/ruby/1.8/webrick/server.rb:162:in `start_thread'
  /usr/lib/ruby/1.8/webrick/server.rb:95:in `start'
  /usr/lib/ruby/1.8/webrick/server.rb:92:in `each'
  /usr/lib/ruby/1.8/webrick/server.rb:92:in `start'
  /usr/lib/ruby/1.8/webrick/server.rb:23:in `start'
  /usr/lib/ruby/1.8/webrick/server.rb:82:in `start'
  /usr/lib/ruby/1.8/rack/handler/webrick.rb:14:in `run'

Rendering rescues/layout (not_found)


Processing AboutController#index (for 127.0.0.1 at 2011-08-29 16:59:33) [GET]
Rendering template within layouts/application
Rendering about/index
Completed in 2ms (View: 1, DB: 0) | 200 OK [http://localhost/about]


Processing ApplicationController#index (for 127.0.0.1 at 2011-08-29 16:59:33) [GET]

ActionController::RoutingError (No route matches "/stylesheets/style.css" with {:method=>:get}):
  /usr/lib/ruby/1.8/action_controller/routing/recognition_optimisation.rb:66:in `recognize_path'
  /usr/lib/ruby/1.8/action_controller/routing/route_set.rb:441:in `recognize'
  /usr/lib/ruby/1.8/action_controller/routing/route_set.rb:436:in `call'
  /usr/lib/ruby/1.8/action_controller/dispatcher.rb:87:in `dispatch'
  /usr/lib/ruby/1.8/action_controller/dispatcher.rb:121:in `_call'
  /usr/lib/ruby/1.8/action_controller/dispatcher.rb:130:in `build_middleware_stack'
  /usr/lib/ruby/1.8/active_record/query_cache.rb:29:in `call'
  /usr/lib/ruby/1.8/active_record/query_cache.rb:29:in `call'
  /usr/lib/ruby/1.8/active_record/connection_adapters/abstract/query_cache.rb:34:in `cache'
  /usr/lib/ruby/1.8/active_record/query_cache.rb:9:in `cache'
  /usr/lib/ruby/1.8/active_record/query_cache.rb:28:in `call'
  /usr/lib/ruby/1.8/active_record/connection_adapters/abstract/connection_pool.rb:361:in `call'
  /usr/lib/ruby/1.8/action_controller/string_coercion.rb:25:in `call'
  /usr/lib/ruby/1.8/rack/head.rb:9:in `call'
  /usr/lib/ruby/1.8/rack/methodoverride.rb:24:in `call'
  /usr/lib/ruby/1.8/action_controller/params_parser.rb:15:in `call'
  /usr/lib/ruby/1.8/action_controller/session/cookie_store.rb:93:in `call'
  /usr/lib/ruby/1.8/action_controller/failsafe.rb:26:in `call'
  /usr/lib/ruby/1.8/rack/lock.rb:11:in `call'
  /usr/lib/ruby/1.8/rack/lock.rb:11:in `synchronize'
  /usr/lib/ruby/1.8/rack/lock.rb:11:in `call'
  /usr/lib/ruby/1.8/action_controller/dispatcher.rb:114:in `call'
  /usr/lib/ruby/1.8/action_controller/reloader.rb:34:in `run'
  /usr/lib/ruby/1.8/action_controller/dispatcher.rb:108:in `call'
  /usr/lib/ruby/1.8/rack/urlmap.rb:47:in `call'
  /usr/lib/ruby/1.8/rack/urlmap.rb:41:in `each'
  /usr/lib/ruby/1.8/rack/urlmap.rb:41:in `call'
  /usr/lib/ruby/1.8/rack/content_length.rb:13:in `call'
  /usr/lib/ruby/1.8/rack/handler/webrick.rb:48:in `service'
  /usr/lib/ruby/1.8/webrick/httpserver.rb:104:in `service'
  /usr/lib/ruby/1.8/webrick/httpserver.rb:65:in `run'
  /usr/lib/ruby/1.8/webrick/server.rb:173:in `start_thread'
  /usr/lib/ruby/1.8/webrick/server.rb:162:in `start'
  /usr/lib/ruby/1.8/webrick/server.rb:162:in `start_thread'
  /usr/lib/ruby/1.8/webrick/server.rb:95:in `start'
  /usr/lib/ruby/1.8/webrick/server.rb:92:in `each'
  /usr/lib/ruby/1.8/webrick/server.rb:92:in `start'
  /usr/lib/ruby/1.8/webrick/server.rb:23:in `start'
  /usr/lib/ruby/1.8/webrick/server.rb:82:in `start'
  /usr/lib/ruby/1.8/rack/handler/webrick.rb:14:in `run'

Rendering rescues/layout (not_found)


Processing AboutController#index (for 127.0.0.1 at 2011-08-29 16:59:35) [GET]
Rendering template within layouts/application
Rendering about/index
Completed in 2ms (View: 1, DB: 0) | 200 OK [http://localhost/about]


Processing ApplicationController#index (for 127.0.0.1 at 2011-08-29 16:59:35) [GET]

ActionController::RoutingError (No route matches "/stylesheets/style.css" with {:method=>:get}):
  /usr/lib/ruby/1.8/action_controller/routing/recognition_optimisation.rb:66:in `recognize_path'
  /usr/lib/ruby/1.8/action_controller/routing/route_set.rb:441:in `recognize'
  /usr/lib/ruby/1.8/action_controller/routing/route_set.rb:436:in `call'
  /usr/lib/ruby/1.8/action_controller/dispatcher.rb:87:in `dispatch'
  /usr/lib/ruby/1.8/action_controller/dispatcher.rb:121:in `_call'
  /usr/lib/ruby/1.8/action_controller/dispatcher.rb:130:in `build_middleware_stack'
  /usr/lib/ruby/1.8/active_record/query_cache.rb:29:in `call'
  /usr/lib/ruby/1.8/active_record/query_cache.rb:29:in `call'
  /usr/lib/ruby/1.8/active_record/connection_adapters/abstract/query_cache.rb:34:in `cache'
  /usr/lib/ruby/1.8/active_record/query_cache.rb:9:in `cache'
  /usr/lib/ruby/1.8/active_record/query_cache.rb:28:in `call'
  /usr/lib/ruby/1.8/active_record/connection_adapters/abstract/connection_pool.rb:361:in `call'
  /usr/lib/ruby/1.8/action_controller/string_coercion.rb:25:in `call'
  /usr/lib/ruby/1.8/rack/head.rb:9:in `call'
  /usr/lib/ruby/1.8/rack/methodoverride.rb:24:in `call'
  /usr/lib/ruby/1.8/action_controller/params_parser.rb:15:in `call'
  /usr/lib/ruby/1.8/action_controller/session/cookie_store.rb:93:in `call'
  /usr/lib/ruby/1.8/action_controller/failsafe.rb:26:in `call'
  /usr/lib/ruby/1.8/rack/lock.rb:11:in `call'
  /usr/lib/ruby/1.8/rack/lock.rb:11:in `synchronize'
  /usr/lib/ruby/1.8/rack/lock.rb:11:in `call'
  /usr/lib/ruby/1.8/action_controller/dispatcher.rb:114:in `call'
  /usr/lib/ruby/1.8/action_controller/reloader.rb:34:in `run'
  /usr/lib/ruby/1.8/action_controller/dispatcher.rb:108:in `call'
  /usr/lib/ruby/1.8/rack/urlmap.rb:47:in `call'
  /usr/lib/ruby/1.8/rack/urlmap.rb:41:in `each'
  /usr/lib/ruby/1.8/rack/urlmap.rb:41:in `call'
  /usr/lib/ruby/1.8/rack/content_length.rb:13:in `call'
  /usr/lib/ruby/1.8/rack/handler/webrick.rb:48:in `service'
  /usr/lib/ruby/1.8/webrick/httpserver.rb:104:in `service'
  /usr/lib/ruby/1.8/webrick/httpserver.rb:65:in `run'
  /usr/lib/ruby/1.8/webrick/server.rb:173:in `start_thread'
  /usr/lib/ruby/1.8/webrick/server.rb:162:in `start'
  /usr/lib/ruby/1.8/webrick/server.rb:162:in `start_thread'
  /usr/lib/ruby/1.8/webrick/server.rb:95:in `start'
  /usr/lib/ruby/1.8/webrick/server.rb:92:in `each'
  /usr/lib/ruby/1.8/webrick/server.rb:92:in `start'
  /usr/lib/ruby/1.8/webrick/server.rb:23:in `start'
  /usr/lib/ruby/1.8/webrick/server.rb:82:in `start'
  /usr/lib/ruby/1.8/rack/handler/webrick.rb:14:in `run'

Rendering rescues/layout (not_found)


Processing AboutController#index (for 127.0.0.1 at 2011-08-29 17:00:44) [GET]
Rendering template within layouts/application
Rendering about/index
Completed in 2ms (View: 1, DB: 0) | 200 OK [http://localhost/about]


Processing AboutController#index (for 127.0.0.1 at 2011-08-29 17:02:38) [GET]
Rendering template within layouts/application
Rendering about/index
Completed in 2ms (View: 1, DB: 0) | 200 OK [http://localhost/about]
